<?xml version="1.0" encoding="UTF-8"?>
<!-- Generated by org.testng.reporters.JUnitXMLReporter -->
<testsuite ignored="0" hostname="PrishaDashpute" failures="0" tests="4" name="ChromeTest" time="37.969" errors="0" timestamp="2024-01-19T09:20:15 IST">
  <testcase classname="testCases.TC_001_AccountRegistrationTest" name="verify_Account_Registration" time="1.803"/>
  <testcase classname="testCases.TC_002_LoginTest" name="verify_Login" time="1.038"/>
  <testcase classname="testCases.TC_004_SearchProductTest" name="verify_pruductSearch" time="6.861"/>
  <testcase classname="testCases.TC_005_AddToCartPageTest" name="verify_addToCart" time="16.818"/>
</testsuite> <!-- ChromeTest -->
