<?xml version="1.0" encoding="UTF-8"?>
<!-- Generated by org.testng.reporters.JUnitXMLReporter -->
<testsuite ignored="0" hostname="PrishaDashpute" failures="0" tests="4" name="EdgeTest" time="35.548" errors="0" timestamp="2024-01-19T09:20:51 IST">
  <testcase classname="testCases.TC_001_AccountRegistrationTest" name="verify_Account_Registration" time="1.713"/>
  <testcase classname="testCases.TC_002_LoginTest" name="verify_Login" time="1.1"/>
  <testcase classname="testCases.TC_004_SearchProductTest" name="verify_pruductSearch" time="6.792"/>
  <testcase classname="testCases.TC_005_AddToCartPageTest" name="verify_addToCart" time="16.438"/>
</testsuite> <!-- EdgeTest -->
