<?xml version="1.0" encoding="UTF-8"?>
<!-- Generated by org.testng.reporters.JUnitXMLReporter -->
<testsuite ignored="0" hostname="PrishaDashpute" failures="0" tests="4" name="ChromeTest" time="43.063" errors="0" timestamp="2024-01-20T13:03:34 IST">
  <testcase classname="testCases.TC_001_AccountRegistrationTest" name="verify_Account_Registration" time="3.305"/>
  <testcase classname="testCases.TC_002_LoginTest" name="verify_Login" time="2.143"/>
  <testcase classname="testCases.TC_004_SearchProductTest" name="verify_pruductSearch" time="7.182"/>
  <testcase classname="testCases.TC_005_AddToCartPageTest" name="verify_addToCart" time="16.953"/>
</testsuite> <!-- ChromeTest -->
