<?xml version="1.0" encoding="UTF-8"?>
<!-- Generated by org.testng.reporters.JUnitXMLReporter -->
<testsuite ignored="0" hostname="PrishaDashpute" failures="0" tests="4" name="EdgeTest" time="42.35" errors="0" timestamp="2024-01-20T13:04:16 IST">
  <testcase classname="testCases.TC_001_AccountRegistrationTest" name="verify_Account_Registration" time="2.742"/>
  <testcase classname="testCases.TC_002_LoginTest" name="verify_Login" time="1.683"/>
  <testcase classname="testCases.TC_004_SearchProductTest" name="verify_pruductSearch" time="7.552"/>
  <testcase classname="testCases.TC_005_AddToCartPageTest" name="verify_addToCart" time="17.555"/>
</testsuite> <!-- EdgeTest -->
