<?xml version="1.0" encoding="UTF-8"?>
<!-- Generated by org.testng.reporters.JUnitXMLReporter -->
<testsuite ignored="0" hostname="PrishaDashpute" failures="0" tests="4" name="fireFoxTest" time="58.783" errors="0" timestamp="2024-01-21T13:42:40 IST">
  <testcase classname="testCases.TC_001_AccountRegistrationTest" name="verify_Account_Registration" time="2.433"/>
  <testcase classname="testCases.TC_002_LoginTest" name="verify_Login" time="1.761"/>
  <testcase classname="testCases.TC_004_SearchProductTest" name="verify_pruductSearch" time="7.033"/>
  <testcase classname="testCases.TC_005_AddToCartPageTest" name="verify_addToCart" time="17.036"/>
</testsuite> <!-- fireFoxTest -->
