<?xml version="1.0" encoding="UTF-8"?>
<!-- Generated by org.testng.reporters.JUnitXMLReporter -->
<testsuite ignored="0" hostname="PrishaDashpute" failures="0" tests="10" name="Test" time="114.258" errors="0" timestamp="2024-01-19T09:53:03 IST">
  <testcase classname="testCases.TC_001_AccountRegistrationTest" name="verify_Account_Registration" time="1.453"/>
  <testcase classname="testCases.TC_002_LoginTest" name="verify_Login" time="0.873"/>
  <testcase classname="testCases.TC_003_LoginDDT" name="verify_LoginDDT" time="1.195"/>
  <testcase classname="testCases.TC_003_LoginDDT" name="verify_LoginDDT" time="10.95"/>
  <testcase classname="testCases.TC_003_LoginDDT" name="verify_LoginDDT" time="11.044"/>
  <testcase classname="testCases.TC_003_LoginDDT" name="verify_LoginDDT" time="11.09"/>
  <testcase classname="testCases.TC_003_LoginDDT" name="verify_LoginDDT" time="1.259"/>
  <testcase classname="testCases.TC_004_SearchProductTest" name="verify_pruductSearch" time="6.828"/>
  <testcase classname="testCases.TC_005_AddToCartPageTest" name="verify_addToCart" time="16.333"/>
  <testcase classname="testCases.TC_006_EndToEndTest" name="endToendTest" time="36.789"/>
</testsuite> <!-- Test -->
