<?xml version="1.0" encoding="UTF-8"?>
<testsuite xmlns:xsi="http://www.w3.org/2001/XMLSchema-instance" xsi:noNamespaceSchemaLocation="https://maven.apache.org/surefire/maven-surefire-plugin/xsd/surefire-test-report-3.0.xsd" version="3.0" name="TestSuite" time="114.918" tests="10" errors="0" skipped="0" failures="0">
  <properties>
[...]
</properties>
  <testcase name="verify_Account_Registration" classname="testCases.TC_001_AccountRegistrationTest" time="1.471">
    <system-err><![CDATA[Jan 19, 2024 9:51:09 AM org.openqa.selenium.remote.tracing.opentelemetry.OpenTelemetryTracer createTracer
INFO: Using OpenTelemetry for tracing
]]></system-err>
  </testcase>
  <testcase name="verify_Login" classname="testCases.TC_002_LoginTest" time="0.873"/>
  <testcase name="verify_LoginDDT[Prisha@gmail.com, Prisha@2022, Valid](1)" classname="testCases.TC_003_LoginDDT" time="1.199"/>
  <testcase name="verify_LoginDDT[lakshmi@yahoo.com, Laxmi, Invalid](2)" classname="testCases.TC_003_LoginDDT" time="10.949"/>
  <testcase name="verify_LoginDDT[laksh@yahoo.com, Lakshmi, Invalid](3)" classname="testCases.TC_003_LoginDDT" time="11.044"/>
  <testcase name="verify_LoginDDT[laks@yahoo.com, xyz, Invalid](4)" classname="testCases.TC_003_LoginDDT" time="11.094"/>
  <testcase name="verify_LoginDDT[Nilesh@gmail.com, Nilesh@1991, Valid](5)" classname="testCases.TC_003_LoginDDT" time="1.257"/>
  <testcase name="verify_pruductSearch" classname="testCases.TC_004_SearchProductTest" time="6.828"/>
  <testcase name="verify_addToCart" classname="testCases.TC_005_AddToCartPageTest" time="16.332"/>
  <testcase name="endToendTest" classname="testCases.TC_006_EndToEndTest" time="36.789">
    <system-out><![CDATA[Account Registration................
Your Account Has Been Created!
Login to application...............
Going to My Account Page? true
search & add product to cart...............
Added product to cart ? true
Shopping cart...............
total price is shopping cart: $246.40
Checkout Product...............
total price in confirmed order page:$207.00
]]></system-out>
  </testcase>
</testsuite>