<?xml version="1.0" encoding="UTF-8"?>
<testng-results ignored="0" total="12" passed="12" failed="0" skipped="0">
  <reporter-output>
  </reporter-output>
  <suite started-at="2024-01-20T13:02:50 IST" name="Suite" finished-at="2024-01-20T13:05:06 IST" duration-ms="135621">
    <groups>
      <group name="Master">
        <method signature="TC_001_AccountRegistrationTest.verify_Account_Registration()[pri:0, instance:testCases.TC_001_AccountRegistrationTest@245b4bdc]" name="verify_Account_Registration" class="testCases.TC_001_AccountRegistrationTest"/>
        <method signature="TC_002_LoginTest.verify_Login()[pri:0, instance:testCases.TC_002_LoginTest@2d7275fc]" name="verify_Login" class="testCases.TC_002_LoginTest"/>
        <method signature="TC_004_SearchProductTest.verify_pruductSearch()[pri:0, instance:testCases.TC_004_SearchProductTest@399f45b1]" name="verify_pruductSearch" class="testCases.TC_004_SearchProductTest"/>
        <method signature="TC_005_AddToCartPageTest.verify_addToCart()[pri:0, instance:testCases.TC_005_AddToCartPageTest@38c6f217]" name="verify_addToCart" class="testCases.TC_005_AddToCartPageTest"/>
        <method signature="TC_001_AccountRegistrationTest.verify_Account_Registration()[pri:0, instance:testCases.TC_001_AccountRegistrationTest@3c19aaa5]" name="verify_Account_Registration" class="testCases.TC_001_AccountRegistrationTest"/>
        <method signature="TC_002_LoginTest.verify_Login()[pri:0, instance:testCases.TC_002_LoginTest@3349e9bb]" name="verify_Login" class="testCases.TC_002_LoginTest"/>
        <method signature="TC_004_SearchProductTest.verify_pruductSearch()[pri:0, instance:testCases.TC_004_SearchProductTest@409bf450]" name="verify_pruductSearch" class="testCases.TC_004_SearchProductTest"/>
        <method signature="TC_005_AddToCartPageTest.verify_addToCart()[pri:0, instance:testCases.TC_005_AddToCartPageTest@38d8f54a]" name="verify_addToCart" class="testCases.TC_005_AddToCartPageTest"/>
        <method signature="TC_001_AccountRegistrationTest.verify_Account_Registration()[pri:0, instance:testCases.TC_001_AccountRegistrationTest@351d00c0]" name="verify_Account_Registration" class="testCases.TC_001_AccountRegistrationTest"/>
        <method signature="TC_002_LoginTest.verify_Login()[pri:0, instance:testCases.TC_002_LoginTest@2a3b5b47]" name="verify_Login" class="testCases.TC_002_LoginTest"/>
        <method signature="TC_004_SearchProductTest.verify_pruductSearch()[pri:0, instance:testCases.TC_004_SearchProductTest@55b699ef]" name="verify_pruductSearch" class="testCases.TC_004_SearchProductTest"/>
        <method signature="TC_005_AddToCartPageTest.verify_addToCart()[pri:0, instance:testCases.TC_005_AddToCartPageTest@35d019a3]" name="verify_addToCart" class="testCases.TC_005_AddToCartPageTest"/>
      </group> <!-- Master -->
      <group name="Sanity">
        <method signature="TC_002_LoginTest.verify_Login()[pri:0, instance:testCases.TC_002_LoginTest@2d7275fc]" name="verify_Login" class="testCases.TC_002_LoginTest"/>
        <method signature="TC_004_SearchProductTest.verify_pruductSearch()[pri:0, instance:testCases.TC_004_SearchProductTest@399f45b1]" name="verify_pruductSearch" class="testCases.TC_004_SearchProductTest"/>
        <method signature="TC_005_AddToCartPageTest.verify_addToCart()[pri:0, instance:testCases.TC_005_AddToCartPageTest@38c6f217]" name="verify_addToCart" class="testCases.TC_005_AddToCartPageTest"/>
        <method signature="TC_002_LoginTest.verify_Login()[pri:0, instance:testCases.TC_002_LoginTest@3349e9bb]" name="verify_Login" class="testCases.TC_002_LoginTest"/>
        <method signature="TC_004_SearchProductTest.verify_pruductSearch()[pri:0, instance:testCases.TC_004_SearchProductTest@409bf450]" name="verify_pruductSearch" class="testCases.TC_004_SearchProductTest"/>
        <method signature="TC_005_AddToCartPageTest.verify_addToCart()[pri:0, instance:testCases.TC_005_AddToCartPageTest@38d8f54a]" name="verify_addToCart" class="testCases.TC_005_AddToCartPageTest"/>
        <method signature="TC_002_LoginTest.verify_Login()[pri:0, instance:testCases.TC_002_LoginTest@2a3b5b47]" name="verify_Login" class="testCases.TC_002_LoginTest"/>
        <method signature="TC_004_SearchProductTest.verify_pruductSearch()[pri:0, instance:testCases.TC_004_SearchProductTest@55b699ef]" name="verify_pruductSearch" class="testCases.TC_004_SearchProductTest"/>
        <method signature="TC_005_AddToCartPageTest.verify_addToCart()[pri:0, instance:testCases.TC_005_AddToCartPageTest@35d019a3]" name="verify_addToCart" class="testCases.TC_005_AddToCartPageTest"/>
      </group> <!-- Sanity -->
      <group name="Regression">
        <method signature="TC_001_AccountRegistrationTest.verify_Account_Registration()[pri:0, instance:testCases.TC_001_AccountRegistrationTest@245b4bdc]" name="verify_Account_Registration" class="testCases.TC_001_AccountRegistrationTest"/>
        <method signature="TC_001_AccountRegistrationTest.verify_Account_Registration()[pri:0, instance:testCases.TC_001_AccountRegistrationTest@3c19aaa5]" name="verify_Account_Registration" class="testCases.TC_001_AccountRegistrationTest"/>
        <method signature="TC_001_AccountRegistrationTest.verify_Account_Registration()[pri:0, instance:testCases.TC_001_AccountRegistrationTest@351d00c0]" name="verify_Account_Registration" class="testCases.TC_001_AccountRegistrationTest"/>
      </group> <!-- Regression -->
    </groups>
    <test started-at="2024-01-20T13:02:50 IST" name="ChromeTest" finished-at="2024-01-20T13:03:33 IST" duration-ms="43063">
      <class name="testCases.TC_001_AccountRegistrationTest">
        <test-method is-config="true" signature="setUp(java.lang.String,java.lang.String)[pri:0, instance:testCases.TC_001_AccountRegistrationTest@245b4bdc]" started-at="2024-01-20T13:02:50 IST" name="setUp" finished-at="2024-01-20T13:02:55 IST" duration-ms="4398" status="PASS">
          <params>
            <param index="0">
              <value>
                <![CDATA[Windows]]>
              </value>
            </param>
            <param index="1">
              <value>
                <![CDATA[chrome]]>
              </value>
            </param>
          </params>
          <reporter-output>
          </reporter-output>
        </test-method> <!-- setUp -->
        <test-method signature="verify_Account_Registration()[pri:0, instance:testCases.TC_001_AccountRegistrationTest@245b4bdc]" started-at="2024-01-20T13:02:55 IST" name="verify_Account_Registration" finished-at="2024-01-20T13:02:58 IST" duration-ms="3305" status="PASS">
          <reporter-output>
          </reporter-output>
        </test-method> <!-- verify_Account_Registration -->
        <test-method is-config="true" signature="tearDown()[pri:0, instance:testCases.TC_001_AccountRegistrationTest@245b4bdc]" started-at="2024-01-20T13:02:58 IST" name="tearDown" finished-at="2024-01-20T13:02:58 IST" duration-ms="297" status="PASS">
          <reporter-output>
          </reporter-output>
        </test-method> <!-- tearDown -->
      </class> <!-- testCases.TC_001_AccountRegistrationTest -->
      <class name="testCases.TC_002_LoginTest">
        <test-method is-config="true" signature="setUp(java.lang.String,java.lang.String)[pri:0, instance:testCases.TC_002_LoginTest@2d7275fc]" started-at="2024-01-20T13:02:58 IST" name="setUp" finished-at="2024-01-20T13:03:01 IST" duration-ms="2338" status="PASS">
          <params>
            <param index="0">
              <value>
                <![CDATA[Windows]]>
              </value>
            </param>
            <param index="1">
              <value>
                <![CDATA[chrome]]>
              </value>
            </param>
          </params>
          <reporter-output>
          </reporter-output>
        </test-method> <!-- setUp -->
        <test-method signature="verify_Login()[pri:0, instance:testCases.TC_002_LoginTest@2d7275fc]" started-at="2024-01-20T13:03:01 IST" name="verify_Login" finished-at="2024-01-20T13:03:03 IST" duration-ms="2143" status="PASS">
          <reporter-output>
          </reporter-output>
        </test-method> <!-- verify_Login -->
        <test-method is-config="true" signature="tearDown()[pri:0, instance:testCases.TC_002_LoginTest@2d7275fc]" started-at="2024-01-20T13:03:03 IST" name="tearDown" finished-at="2024-01-20T13:03:03 IST" duration-ms="331" status="PASS">
          <reporter-output>
          </reporter-output>
        </test-method> <!-- tearDown -->
      </class> <!-- testCases.TC_002_LoginTest -->
      <class name="testCases.TC_005_AddToCartPageTest">
        <test-method is-config="true" signature="setUp(java.lang.String,java.lang.String)[pri:0, instance:testCases.TC_005_AddToCartPageTest@38c6f217]" started-at="2024-01-20T13:03:13 IST" name="setUp" finished-at="2024-01-20T13:03:15 IST" duration-ms="2430" status="PASS">
          <params>
            <param index="0">
              <value>
                <![CDATA[Windows]]>
              </value>
            </param>
            <param index="1">
              <value>
                <![CDATA[chrome]]>
              </value>
            </param>
          </params>
          <reporter-output>
          </reporter-output>
        </test-method> <!-- setUp -->
        <test-method signature="verify_addToCart()[pri:0, instance:testCases.TC_005_AddToCartPageTest@38c6f217]" started-at="2024-01-20T13:03:15 IST" name="verify_addToCart" finished-at="2024-01-20T13:03:32 IST" duration-ms="16953" status="PASS">
          <reporter-output>
          </reporter-output>
        </test-method> <!-- verify_addToCart -->
        <test-method is-config="true" signature="tearDown()[pri:0, instance:testCases.TC_005_AddToCartPageTest@38c6f217]" started-at="2024-01-20T13:03:32 IST" name="tearDown" finished-at="2024-01-20T13:03:33 IST" duration-ms="625" status="PASS">
          <reporter-output>
          </reporter-output>
        </test-method> <!-- tearDown -->
      </class> <!-- testCases.TC_005_AddToCartPageTest -->
      <class name="testCases.TC_004_SearchProductTest">
        <test-method is-config="true" signature="setUp(java.lang.String,java.lang.String)[pri:0, instance:testCases.TC_004_SearchProductTest@399f45b1]" started-at="2024-01-20T13:03:03 IST" name="setUp" finished-at="2024-01-20T13:03:05 IST" duration-ms="2319" status="PASS">
          <params>
            <param index="0">
              <value>
                <![CDATA[Windows]]>
              </value>
            </param>
            <param index="1">
              <value>
                <![CDATA[chrome]]>
              </value>
            </param>
          </params>
          <reporter-output>
          </reporter-output>
        </test-method> <!-- setUp -->
        <test-method signature="verify_pruductSearch()[pri:0, instance:testCases.TC_004_SearchProductTest@399f45b1]" started-at="2024-01-20T13:03:05 IST" name="verify_pruductSearch" finished-at="2024-01-20T13:03:13 IST" duration-ms="7182" status="PASS">
          <reporter-output>
          </reporter-output>
        </test-method> <!-- verify_pruductSearch -->
        <test-method is-config="true" signature="tearDown()[pri:0, instance:testCases.TC_004_SearchProductTest@399f45b1]" started-at="2024-01-20T13:03:13 IST" name="tearDown" finished-at="2024-01-20T13:03:13 IST" duration-ms="348" status="PASS">
          <reporter-output>
          </reporter-output>
        </test-method> <!-- tearDown -->
      </class> <!-- testCases.TC_004_SearchProductTest -->
    </test> <!-- ChromeTest -->
    <test started-at="2024-01-20T13:03:34 IST" name="EdgeTest" finished-at="2024-01-20T13:04:16 IST" duration-ms="42350">
      <class name="testCases.TC_001_AccountRegistrationTest">
        <test-method is-config="true" signature="setUp(java.lang.String,java.lang.String)[pri:0, instance:testCases.TC_001_AccountRegistrationTest@3c19aaa5]" started-at="2024-01-20T13:03:34 IST" name="setUp" finished-at="2024-01-20T13:03:36 IST" duration-ms="2702" status="PASS">
          <params>
            <param index="0">
              <value>
                <![CDATA[Windows]]>
              </value>
            </param>
            <param index="1">
              <value>
                <![CDATA[edge]]>
              </value>
            </param>
          </params>
          <reporter-output>
          </reporter-output>
        </test-method> <!-- setUp -->
        <test-method signature="verify_Account_Registration()[pri:0, instance:testCases.TC_001_AccountRegistrationTest@3c19aaa5]" started-at="2024-01-20T13:03:36 IST" name="verify_Account_Registration" finished-at="2024-01-20T13:03:39 IST" duration-ms="2742" status="PASS">
          <reporter-output>
          </reporter-output>
        </test-method> <!-- verify_Account_Registration -->
        <test-method is-config="true" signature="tearDown()[pri:0, instance:testCases.TC_001_AccountRegistrationTest@3c19aaa5]" started-at="2024-01-20T13:03:39 IST" name="tearDown" finished-at="2024-01-20T13:03:40 IST" duration-ms="1128" status="PASS">
          <reporter-output>
          </reporter-output>
        </test-method> <!-- tearDown -->
      </class> <!-- testCases.TC_001_AccountRegistrationTest -->
      <class name="testCases.TC_002_LoginTest">
        <test-method is-config="true" signature="setUp(java.lang.String,java.lang.String)[pri:0, instance:testCases.TC_002_LoginTest@3349e9bb]" started-at="2024-01-20T13:03:40 IST" name="setUp" finished-at="2024-01-20T13:03:43 IST" duration-ms="2658" status="PASS">
          <params>
            <param index="0">
              <value>
                <![CDATA[Windows]]>
              </value>
            </param>
            <param index="1">
              <value>
                <![CDATA[edge]]>
              </value>
            </param>
          </params>
          <reporter-output>
          </reporter-output>
        </test-method> <!-- setUp -->
        <test-method signature="verify_Login()[pri:0, instance:testCases.TC_002_LoginTest@3349e9bb]" started-at="2024-01-20T13:03:43 IST" name="verify_Login" finished-at="2024-01-20T13:03:45 IST" duration-ms="1683" status="PASS">
          <reporter-output>
          </reporter-output>
        </test-method> <!-- verify_Login -->
        <test-method is-config="true" signature="tearDown()[pri:0, instance:testCases.TC_002_LoginTest@3349e9bb]" started-at="2024-01-20T13:03:45 IST" name="tearDown" finished-at="2024-01-20T13:03:45 IST" duration-ms="489" status="PASS">
          <reporter-output>
          </reporter-output>
        </test-method> <!-- tearDown -->
      </class> <!-- testCases.TC_002_LoginTest -->
      <class name="testCases.TC_005_AddToCartPageTest">
        <test-method is-config="true" signature="setUp(java.lang.String,java.lang.String)[pri:0, instance:testCases.TC_005_AddToCartPageTest@38d8f54a]" started-at="2024-01-20T13:03:55 IST" name="setUp" finished-at="2024-01-20T13:03:58 IST" duration-ms="2553" status="PASS">
          <params>
            <param index="0">
              <value>
                <![CDATA[Windows]]>
              </value>
            </param>
            <param index="1">
              <value>
                <![CDATA[edge]]>
              </value>
            </param>
          </params>
          <reporter-output>
          </reporter-output>
        </test-method> <!-- setUp -->
        <test-method signature="verify_addToCart()[pri:0, instance:testCases.TC_005_AddToCartPageTest@38d8f54a]" started-at="2024-01-20T13:03:58 IST" name="verify_addToCart" finished-at="2024-01-20T13:04:15 IST" duration-ms="17555" status="PASS">
          <reporter-output>
          </reporter-output>
        </test-method> <!-- verify_addToCart -->
        <test-method is-config="true" signature="tearDown()[pri:0, instance:testCases.TC_005_AddToCartPageTest@38d8f54a]" started-at="2024-01-20T13:04:15 IST" name="tearDown" finished-at="2024-01-20T13:04:16 IST" duration-ms="529" status="PASS">
          <reporter-output>
          </reporter-output>
        </test-method> <!-- tearDown -->
      </class> <!-- testCases.TC_005_AddToCartPageTest -->
      <class name="testCases.TC_004_SearchProductTest">
        <test-method is-config="true" signature="setUp(java.lang.String,java.lang.String)[pri:0, instance:testCases.TC_004_SearchProductTest@409bf450]" started-at="2024-01-20T13:03:45 IST" name="setUp" finished-at="2024-01-20T13:03:47 IST" duration-ms="2192" status="PASS">
          <params>
            <param index="0">
              <value>
                <![CDATA[Windows]]>
              </value>
            </param>
            <param index="1">
              <value>
                <![CDATA[edge]]>
              </value>
            </param>
          </params>
          <reporter-output>
          </reporter-output>
        </test-method> <!-- setUp -->
        <test-method signature="verify_pruductSearch()[pri:0, instance:testCases.TC_004_SearchProductTest@409bf450]" started-at="2024-01-20T13:03:47 IST" name="verify_pruductSearch" finished-at="2024-01-20T13:03:55 IST" duration-ms="7552" status="PASS">
          <reporter-output>
          </reporter-output>
        </test-method> <!-- verify_pruductSearch -->
        <test-method is-config="true" signature="tearDown()[pri:0, instance:testCases.TC_004_SearchProductTest@409bf450]" started-at="2024-01-20T13:03:55 IST" name="tearDown" finished-at="2024-01-20T13:03:55 IST" duration-ms="561" status="PASS">
          <reporter-output>
          </reporter-output>
        </test-method> <!-- tearDown -->
      </class> <!-- testCases.TC_004_SearchProductTest -->
    </test> <!-- EdgeTest -->
    <test started-at="2024-01-20T13:04:16 IST" name="fireFoxTest" finished-at="2024-01-20T13:05:06 IST" duration-ms="49337">
      <class name="testCases.TC_001_AccountRegistrationTest">
        <test-method is-config="true" signature="setUp(java.lang.String,java.lang.String)[pri:0, instance:testCases.TC_001_AccountRegistrationTest@351d00c0]" started-at="2024-01-20T13:04:16 IST" name="setUp" finished-at="2024-01-20T13:04:20 IST" duration-ms="4227" status="PASS">
          <params>
            <param index="0">
              <value>
                <![CDATA[Windows]]>
              </value>
            </param>
            <param index="1">
              <value>
                <![CDATA[firefox]]>
              </value>
            </param>
          </params>
          <reporter-output>
          </reporter-output>
        </test-method> <!-- setUp -->
        <test-method signature="verify_Account_Registration()[pri:0, instance:testCases.TC_001_AccountRegistrationTest@351d00c0]" started-at="2024-01-20T13:04:20 IST" name="verify_Account_Registration" finished-at="2024-01-20T13:04:22 IST" duration-ms="1984" status="PASS">
          <reporter-output>
          </reporter-output>
        </test-method> <!-- verify_Account_Registration -->
        <test-method is-config="true" signature="tearDown()[pri:0, instance:testCases.TC_001_AccountRegistrationTest@351d00c0]" started-at="2024-01-20T13:04:22 IST" name="tearDown" finished-at="2024-01-20T13:04:24 IST" duration-ms="1268" status="PASS">
          <reporter-output>
          </reporter-output>
        </test-method> <!-- tearDown -->
      </class> <!-- testCases.TC_001_AccountRegistrationTest -->
      <class name="testCases.TC_002_LoginTest">
        <test-method is-config="true" signature="setUp(java.lang.String,java.lang.String)[pri:0, instance:testCases.TC_002_LoginTest@2a3b5b47]" started-at="2024-01-20T13:04:24 IST" name="setUp" finished-at="2024-01-20T13:04:28 IST" duration-ms="4117" status="PASS">
          <params>
            <param index="0">
              <value>
                <![CDATA[Windows]]>
              </value>
            </param>
            <param index="1">
              <value>
                <![CDATA[firefox]]>
              </value>
            </param>
          </params>
          <reporter-output>
          </reporter-output>
        </test-method> <!-- setUp -->
        <test-method signature="verify_Login()[pri:0, instance:testCases.TC_002_LoginTest@2a3b5b47]" started-at="2024-01-20T13:04:28 IST" name="verify_Login" finished-at="2024-01-20T13:04:30 IST" duration-ms="1734" status="PASS">
          <reporter-output>
          </reporter-output>
        </test-method> <!-- verify_Login -->
        <test-method is-config="true" signature="tearDown()[pri:0, instance:testCases.TC_002_LoginTest@2a3b5b47]" started-at="2024-01-20T13:04:30 IST" name="tearDown" finished-at="2024-01-20T13:04:31 IST" duration-ms="1352" status="PASS">
          <reporter-output>
          </reporter-output>
        </test-method> <!-- tearDown -->
      </class> <!-- testCases.TC_002_LoginTest -->
      <class name="testCases.TC_005_AddToCartPageTest">
        <test-method is-config="true" signature="setUp(java.lang.String,java.lang.String)[pri:0, instance:testCases.TC_005_AddToCartPageTest@35d019a3]" started-at="2024-01-20T13:04:43 IST" name="setUp" finished-at="2024-01-20T13:04:47 IST" duration-ms="3934" status="PASS">
          <params>
            <param index="0">
              <value>
                <![CDATA[Windows]]>
              </value>
            </param>
            <param index="1">
              <value>
                <![CDATA[firefox]]>
              </value>
            </param>
          </params>
          <reporter-output>
          </reporter-output>
        </test-method> <!-- setUp -->
        <test-method signature="verify_addToCart()[pri:0, instance:testCases.TC_005_AddToCartPageTest@35d019a3]" started-at="2024-01-20T13:04:47 IST" name="verify_addToCart" finished-at="2024-01-20T13:05:04 IST" duration-ms="16843" status="PASS">
          <reporter-output>
          </reporter-output>
        </test-method> <!-- verify_addToCart -->
        <test-method is-config="true" signature="tearDown()[pri:0, instance:testCases.TC_005_AddToCartPageTest@35d019a3]" started-at="2024-01-20T13:05:04 IST" name="tearDown" finished-at="2024-01-20T13:05:06 IST" duration-ms="1427" status="PASS">
          <reporter-output>
          </reporter-output>
        </test-method> <!-- tearDown -->
      </class> <!-- testCases.TC_005_AddToCartPageTest -->
      <class name="testCases.TC_004_SearchProductTest">
        <test-method is-config="true" signature="setUp(java.lang.String,java.lang.String)[pri:0, instance:testCases.TC_004_SearchProductTest@55b699ef]" started-at="2024-01-20T13:04:31 IST" name="setUp" finished-at="2024-01-20T13:04:35 IST" duration-ms="4181" status="PASS">
          <params>
            <param index="0">
              <value>
                <![CDATA[Windows]]>
              </value>
            </param>
            <param index="1">
              <value>
                <![CDATA[firefox]]>
              </value>
            </param>
          </params>
          <reporter-output>
          </reporter-output>
        </test-method> <!-- setUp -->
        <test-method signature="verify_pruductSearch()[pri:0, instance:testCases.TC_004_SearchProductTest@55b699ef]" started-at="2024-01-20T13:04:35 IST" name="verify_pruductSearch" finished-at="2024-01-20T13:04:42 IST" duration-ms="6838" status="PASS">
          <reporter-output>
          </reporter-output>
        </test-method> <!-- verify_pruductSearch -->
        <test-method is-config="true" signature="tearDown()[pri:0, instance:testCases.TC_004_SearchProductTest@55b699ef]" started-at="2024-01-20T13:04:42 IST" name="tearDown" finished-at="2024-01-20T13:04:43 IST" duration-ms="1425" status="PASS">
          <reporter-output>
          </reporter-output>
        </test-method> <!-- tearDown -->
      </class> <!-- testCases.TC_004_SearchProductTest -->
    </test> <!-- fireFoxTest -->
  </suite> <!-- Suite -->
</testng-results>
